c:\users\2140128.maetel\desktop\さいしん\main\paper4最新1128\client\debug\vc120.pdb
c:\users\2140128.maetel\desktop\さいしん\main\paper4最新1128\client\debug\vc120.idb
c:\users\2140128.maetel\desktop\さいしん\main\paper4最新1128\client\debug\winmain.obj
c:\users\2140128.maetel\desktop\さいしん\main\paper4最新1128\client\debug\iex_2dobject.obj
c:\users\2140128.maetel\desktop\さいしん\main\paper4最新1128\client\debug\iex_3dobject.obj
c:\users\2140128.maetel\desktop\さいしん\main\paper4最新1128\client\debug\iex_audio.obj
c:\users\2140128.maetel\desktop\さいしん\main\paper4最新1128\client\debug\iex_direct3d.obj
c:\users\2140128.maetel\desktop\さいしん\main\paper4最新1128\client\debug\iex_input.obj
c:\users\2140128.maetel\desktop\さいしん\main\paper4最新1128\client\debug\iex_light.obj
c:\users\2140128.maetel\desktop\さいしん\main\paper4最新1128\client\debug\iex_math.obj
c:\users\2140128.maetel\desktop\さいしん\main\paper4最新1128\client\debug\iex_mesh.obj
c:\users\2140128.maetel\desktop\さいしん\main\paper4最新1128\client\debug\iex_particle.obj
c:\users\2140128.maetel\desktop\さいしん\main\paper4最新1128\client\debug\iex_polygon.obj
c:\users\2140128.maetel\desktop\さいしん\main\paper4最新1128\client\debug\iex_renderstate.obj
c:\users\2140128.maetel\desktop\さいしん\main\paper4最新1128\client\debug\iex_shader.obj
c:\users\2140128.maetel\desktop\さいしん\main\paper4最新1128\client\debug\iex_skinmesh.obj
c:\users\2140128.maetel\desktop\さいしん\main\paper4最新1128\client\debug\iex_system.obj
c:\users\2140128.maetel\desktop\さいしん\main\paper4最新1128\client\debug\iex_texture.obj
c:\users\2140128.maetel\desktop\さいしん\main\paper4最新1128\client\debug\iex_view.obj
c:\users\2140128.maetel\desktop\さいしん\main\paper4最新1128\client\debug\textloader.obj
c:\users\2140128.maetel\desktop\さいしん\main\paper4最新1128\client\debug\timer.obj
c:\users\2140128.maetel\desktop\さいしん\main\paper4最新1128\client\debug\ui.obj
c:\users\2140128.maetel\desktop\さいしん\main\paper4最新1128\client\debug\poster.obj
c:\users\2140128.maetel\desktop\さいしん\main\paper4最新1128\client\debug\test box.obj
c:\users\2140128.maetel\desktop\さいしん\main\paper4最新1128\client\debug\pie_graph.obj
c:\users\2140128.maetel\desktop\さいしん\main\paper4最新1128\client\debug\baseplayer.obj
c:\users\2140128.maetel\desktop\さいしん\main\paper4最新1128\client\debug\myplayer.obj
c:\users\2140128.maetel\desktop\さいしん\main\paper4最新1128\client\debug\netplayer.obj
c:\users\2140128.maetel\desktop\さいしん\main\paper4最新1128\client\debug\playermanager.obj
c:\users\2140128.maetel\desktop\さいしん\main\paper4最新1128\client\debug\scenemain.obj
c:\users\2140128.maetel\desktop\さいしん\main\paper4最新1128\client\debug\scenemakeposter.obj
c:\users\2140128.maetel\desktop\さいしん\main\paper4最新1128\client\debug\sceneresult.obj
c:\users\2140128.maetel\desktop\さいしん\main\paper4最新1128\client\debug\sceneselect.obj
c:\users\2140128.maetel\desktop\さいしん\main\paper4最新1128\client\debug\scenetitle.obj
c:\users\2140128.maetel\desktop\さいしん\main\paper4最新1128\client\debug\score.obj
c:\users\2140128.maetel\desktop\さいしん\main\paper4最新1128\client\debug\skill_gauge.obj
c:\users\2140128.maetel\desktop\さいしん\main\paper4最新1128\client\debug\soundmanager.obj
c:\users\2140128.maetel\desktop\さいしん\main\paper4最新1128\client\debug\area.obj
c:\users\2140128.maetel\desktop\さいしん\main\paper4最新1128\client\debug\stage.obj
c:\users\2140128.maetel\desktop\さいしん\main\paper4最新1128\client\debug\framework.obj
c:\users\2140128.maetel\desktop\さいしん\main\paper4最新1128\client\debug\system.obj
c:\users\2140128.maetel\desktop\さいしん\main\paper4最新1128\client\debug\thread.obj
c:\users\2140128.maetel\desktop\さいしん\main\paper4最新1128\client\debug\billboard.obj
c:\users\2140128.maetel\desktop\さいしん\main\paper4最新1128\client\debug\debug.obj
c:\users\2140128.maetel\desktop\さいしん\main\paper4最新1128\client\debug\fade.obj
c:\users\2140128.maetel\desktop\さいしん\main\paper4最新1128\client\debug\iex_audioiidx.obj
c:\users\2140128.maetel\desktop\さいしん\main\paper4最新1128\client\debug\iex_math2.obj
c:\users\2140128.maetel\desktop\さいしん\main\paper4最新1128\client\debug\number.obj
c:\users\2140128.maetel\desktop\さいしん\main\paper4最新1128\client\debug\okb.obj
c:\users\2140128.maetel\desktop\さいしん\main\paper4最新1128\client\debug\particleplus.obj
c:\users\2140128.maetel\desktop\さいしん\main\paper4最新1128\client\debug\text.obj
c:\users\2140128.maetel\desktop\さいしん\main\paper4最新1128\client\debug\bench_mark.obj
c:\users\2140128.maetel\desktop\さいしん\main\paper4最新1128\client\debug\camera.obj
c:\users\2140128.maetel\desktop\さいしん\main\paper4最新1128\client\debug\fstream_paper.obj
c:\users\2140128.maetel\desktop\さいしん\main\paper4最新1128\client\debug\socket.obj
c:\users\2140128.maetel\desktop\さいしん\main\paper4最新1128\client\debug\udpclient.obj
c:\users\2140128.maetel\desktop\さいしん\main\paper4最新1128\client\debug\paper object manager.obj
c:\users\2140128.maetel\desktop\さいしん\main\paper4最新1128\client\debug\paper object.obj
c:\users\2140128.maetel\desktop\さいしん\main\paper4最新1128\client\debug\animation3d.obj
c:\users\2140128.maetel\desktop\さいしん\main\paper4最新1128\client\debug\animationuv.obj
c:\users\2140128.maetel\desktop\さいしん\main\paper4最新1128\client\debug\locus.obj
c:\users\2140128.maetel\desktop\さいしん\main\paper4最新1128\client\debug\spread2d.obj
c:\users\2140128.maetel\desktop\さいしん\main\paper4最新1128\client\debug\deferred.obj
c:\users\2140128.maetel\desktop\さいしん\main\paper4最新1128\client\debug\effector.obj
c:\users\2140128.maetel\desktop\さいしん\main\paper4最新1128\client\debug\effect.obj
c:\users\2140128.maetel\desktop\さいしん\main\paper4最新1128\client\debug\random_mt.obj
c:\users\2140128.maetel\desktop\さいしん\main\paper4最新1128\client\debug\explosion.obj
c:\users\2140128.maetel\desktop\さいしん\main\paper4最新1128\debug\client.ilk
c:\users\2140128.maetel\desktop\さいしん\main\paper4最新1128\debug\client.exe
c:\users\2140128.maetel\desktop\さいしん\main\paper4最新1128\client\debug\client.exe.intermediate.manifest
c:\users\2140128.maetel\desktop\さいしん\main\paper4最新1128\debug\client.pdb
c:\users\2140128.maetel\desktop\さいしん\main\paper4最新1128\debug\client.exe.manifest
c:\users\2140128.maetel\desktop\さいしん\main\paper4最新1128\client\debug\client.tlog\cl.command.1.tlog
c:\users\2140128.maetel\desktop\さいしん\main\paper4最新1128\client\debug\client.tlog\cl.read.1.tlog
c:\users\2140128.maetel\desktop\さいしん\main\paper4最新1128\client\debug\client.tlog\cl.write.1.tlog
c:\users\2140128.maetel\desktop\さいしん\main\paper4最新1128\client\debug\client.tlog\link.command.1.tlog
c:\users\2140128.maetel\desktop\さいしん\main\paper4最新1128\client\debug\client.tlog\link.read.1.tlog
c:\users\2140128.maetel\desktop\さいしん\main\paper4最新1128\client\debug\client.tlog\link.write.1.tlog
c:\users\2140128.maetel\desktop\さいしん\main\paper4最新1128\client\debug\client.tlog\mt.command.1.tlog
c:\users\2140128.maetel\desktop\さいしん\main\paper4最新1128\client\debug\client.tlog\mt.read.1.tlog
c:\users\2140128.maetel\desktop\さいしん\main\paper4最新1128\client\debug\client.tlog\mt.write.1.tlog
