  Billboard.cpp
  Debug.cpp
  Fade.cpp
  IEX_AudioIIDX.cpp
  IEX_Math2.cpp
  Number.cpp
  OKB.cpp
  ParticlePlus.cpp
  TEXT.cpp
  bench_mark.cpp
  Camera.cpp
  fstream_paper.cpp
  Socket.cpp
  UDPClient.cpp
  paper object manager.cpp
  paper object.cpp
  poster.cpp
  test box.cpp
c:\users\2140128.maetel\desktop\さいしん\main\paper4最新1128\client\source\camera\Camera.h(252): fatal error C1083: include ファイルを開けません。'textLoader\textLoader.h':No such file or directory (source\camera\Camera.cpp)
  pie_graph.cpp
source\Net\Socket.cpp(345): warning C4018: '<' : signed と unsigned の数値を比較しようとしました。 (source\Net\Socket.cpp)
source\Net\Socket.cpp(376): warning C4018: '<' : signed と unsigned の数値を比較しようとしました。 (source\Net\Socket.cpp)
  BasePlayer.cpp
  MyPlayer.cpp
  NetPlayer.cpp
  PlayerManager.cpp
  SceneMain.cpp
  SceneMakePoster.cpp
  SceneResult.cpp
  SceneSelect.cpp
c:\users\2140128.maetel\desktop\さいしん\main\paper4最新1128\client\source\player\../camera/Camera.h(252): fatal error C1083: include ファイルを開けません。'textLoader\textLoader.h':No such file or directory (source\Player\PlayerManager.cpp)
  SceneTitle.cpp
c:\users\2140128.maetel\desktop\さいしん\main\paper4最新1128\client\source\scene\../camera/Camera.h(252): fatal error C1083: include ファイルを開けません。'textLoader\textLoader.h':No such file or directory (source\Scene\SceneMain.cpp)
  Score.cpp
  skill_gauge.cpp
  SoundManager.cpp
  Area.cpp
  Stage.cpp
  Framework.cpp
source\Scene\SceneSelect.cpp(450): error C2065: 'shader' : 定義されていない識別子です。 (source\Scene\SceneSelect.cpp)
source\Scene\SceneSelect.cpp(450): error C2227: '->SetValue' : 左側がクラス、構造体、共用体、ジェネリック型へのポインターではありません。 (source\Scene\SceneSelect.cpp)
          型は 'unknown-type' です。
  System.cpp
  Thread.cpp
source\stage\Area.cpp(78): warning C4018: '<' : signed と unsigned の数値を比較しようとしました。 (source\stage\Area.cpp)
source\stage\Area.cpp(94): warning C4018: '<' : signed と unsigned の数値を比較しようとしました。 (source\stage\Area.cpp)
source\stage\Area.cpp(109): warning C4018: '<' : signed と unsigned の数値を比較しようとしました。 (source\stage\Area.cpp)
  WinMain.cpp
  IEX_2DObject.cpp
  IEX_3DObject.cpp
  IEX_Audio.cpp
  IEX_Direct3D.cpp
  IEX_Input.cpp
  IEX_Light.cpp
  IEX_Math.cpp
  IEX_Mesh.cpp
  IEX_Particle.cpp
  IEX_Polygon.cpp
  IEX_RenderState.cpp
  IEX_Shader.cpp
  IEX_SkinMesh.cpp
  IEX_System.cpp
  IEX_Texture.cpp
  IEX_View.cpp
  textLoader.cpp
  Timer.cpp
  UI.cpp
